<?xml version="1.0" encoding="UTF-8"?>
<testng-results skipped="0" failed="0" ignored="0" total="5" passed="5">
  <reporter-output>
  </reporter-output>
  <suite name="Suite" duration-ms="5875" started-at="2021-02-08T13:43:51Z" finished-at="2021-02-08T13:43:57Z">
    <groups>
    </groups>
    <test name="Test" duration-ms="5875" started-at="2021-02-08T13:43:51Z" finished-at="2021-02-08T13:43:57Z">
      <class name="testCases.TC_VideoGameAPI">
        <test-method status="PASS" signature="test_addNewVoideoGame()[pri:0, instance:testCases.TC_VideoGameAPI@f6c48ac]" name="test_addNewVoideoGame" duration-ms="3180" started-at="2021-02-08T13:43:52Z" finished-at="2021-02-08T13:43:55Z">
          <reporter-output>
          </reporter-output>
        </test-method> <!-- test_addNewVoideoGame -->
        <test-method status="PASS" signature="test_deleteNewVoideoGame()[pri:0, instance:testCases.TC_VideoGameAPI@f6c48ac]" name="test_deleteNewVoideoGame" duration-ms="721" started-at="2021-02-08T13:43:55Z" finished-at="2021-02-08T13:43:56Z">
          <reporter-output>
          </reporter-output>
        </test-method> <!-- test_deleteNewVoideoGame -->
        <test-method status="PASS" signature="test_getAllVideoGames()[pri:0, instance:testCases.TC_VideoGameAPI@f6c48ac]" name="test_getAllVideoGames" duration-ms="365" started-at="2021-02-08T13:43:56Z" finished-at="2021-02-08T13:43:56Z">
          <reporter-output>
          </reporter-output>
        </test-method> <!-- test_getAllVideoGames -->
        <test-method status="PASS" signature="test_patchNewVoideoGame()[pri:0, instance:testCases.TC_VideoGameAPI@f6c48ac]" name="test_patchNewVoideoGame" duration-ms="688" started-at="2021-02-08T13:43:56Z" finished-at="2021-02-08T13:43:57Z">
          <reporter-output>
          </reporter-output>
        </test-method> <!-- test_patchNewVoideoGame -->
        <test-method status="PASS" signature="test_putNewVoideoGame()[pri:0, instance:testCases.TC_VideoGameAPI@f6c48ac]" name="test_putNewVoideoGame" duration-ms="668" started-at="2021-02-08T13:43:57Z" finished-at="2021-02-08T13:43:57Z">
          <reporter-output>
          </reporter-output>
        </test-method> <!-- test_putNewVoideoGame -->
      </class> <!-- testCases.TC_VideoGameAPI -->
    </test> <!-- Test -->
  </suite> <!-- Suite -->
</testng-results>
