<?xml version="1.0" encoding="UTF-8"?>
<!-- Generated by org.testng.reporters.JUnitXMLReporter -->
<testsuite hostname="LAPTOP-6PND9G9P" ignored="0" name="Test" tests="5" failures="0" timestamp="20 Jan 2021 14:30:53 GMT" time="4.445" errors="0">
  <testcase name="test_addNewVoideoGame" time="1.971" classname="testCases.TC_VideoGameAPI"/>
  <testcase name="test_deleteNewVoideoGame" time="0.718" classname="testCases.TC_VideoGameAPI"/>
  <testcase name="test_getAllVideoGames" time="0.403" classname="testCases.TC_VideoGameAPI"/>
  <testcase name="test_patchNewVoideoGame" time="0.632" classname="testCases.TC_VideoGameAPI"/>
  <testcase name="test_putNewVoideoGame" time="0.698" classname="testCases.TC_VideoGameAPI"/>
</testsuite> <!-- Test -->
