<?xml version="1.0" encoding="UTF-8"?>
<!-- Generated by org.testng.reporters.JUnitXMLReporter -->
<testsuite hostname="LAPTOP-6PND9G9P" ignored="0" name="Default test" tests="5" failures="0" timestamp="31 Jan 2021 14:02:44 GMT" time="5.107" errors="0">
  <testcase name="test_addNewVoideoGame" time="2.692" classname="testCases.TC_VideoGameAPI"/>
  <testcase name="test_deleteNewVoideoGame" time="0.698" classname="testCases.TC_VideoGameAPI"/>
  <testcase name="test_getAllVideoGames" time="0.328" classname="testCases.TC_VideoGameAPI"/>
  <testcase name="test_patchNewVoideoGame" time="0.677" classname="testCases.TC_VideoGameAPI"/>
  <testcase name="test_putNewVoideoGame" time="0.675" classname="testCases.TC_VideoGameAPI"/>
</testsuite> <!-- Default test -->
